{"/home/me/workspace/calculate-salary-frontend/src/App.vue": {"path":"/home/me/workspace/calculate-salary-frontend/src/App.vue","statementMap":{"0":{"start":{"line":62,"column":0},"end":{"line":62,"column":null}},"1":{"start":{"line":72,"column":0},"end":{"line":86,"column":null}},"2":{"start":{"line":73,"column":0},"end":{"line":73,"column":null}},"3":{"start":{"line":74,"column":0},"end":{"line":78,"column":null}},"4":{"start":{"line":81,"column":0},"end":{"line":81,"column":null}},"5":{"start":{"line":90,"column":0},"end":{"line":90,"column":null}},"6":{"start":{"line":91,"column":0},"end":{"line":91,"column":null}},"7":{"start":{"line":92,"column":0},"end":{"line":92,"column":null}}},"fnMap":{"0":{"name":"(anonymous_1)","decl":{"start":{"line":62,"column":0},"end":{"line":62,"column":null}},"loc":{"start":{"line":62,"column":0},"end":{"line":62,"column":null}}},"1":{"name":"(anonymous_2)","decl":{"start":{"line":71,"column":0},"end":{"line":71,"column":null}},"loc":{"start":{"line":71,"column":0},"end":{"line":88,"column":null}}},"2":{"name":"(anonymous_3)","decl":{"start":{"line":89,"column":0},"end":{"line":89,"column":null}},"loc":{"start":{"line":89,"column":0},"end":{"line":93,"column":null}}}},"branchMap":{},"s":{"0":7,"1":2,"2":2,"3":2,"4":2,"5":12,"6":12,"7":12},"f":{"0":7,"1":2,"2":12},"b":{}}
}
